debug   2017-11-22 20:56:57.574071    buildsymboltable     ('X', 'EQU', '1000')
debug   2017-11-22 20:56:57.591431    buildsymboltable     ('', 'ORIG', '3000')
debug   2017-11-22 20:56:57.592010    buildsymboltable     ('', 'ENTA', '100')
debug   2017-11-22 20:56:57.592336    buildsymboltable     ('', 'STA', '1000')
debug   2017-11-22 20:56:57.592634    buildsymboltable     ('', 'ENTA', '99')
debug   2017-11-22 20:56:57.592971    buildsymboltable     ('', 'STA', '1001')
debug   2017-11-22 20:56:57.593305    buildsymboltable     ('', 'ENT1', '2')
debug   2017-11-22 20:56:57.593595    buildsymboltable     ('', 'JMP', 'MAX')
debug   2017-11-22 20:56:57.593939    buildsymboltable     ('', 'INCA', '1')
debug   2017-11-22 20:56:57.594242    buildsymboltable     ('', 'END', 'INIT')
debug   2017-11-22 20:56:57.594514    buildsymboltable     ('MAX', 'STJ', 'EXIT')
debug   2017-11-22 20:56:57.594838    buildsymboltable     ('INIT', 'ENT3', '0,1')
debug   2017-11-22 20:56:57.595246    buildsymboltable     ('', 'JMP', 'CHANGEM')
debug   2017-11-22 20:56:57.595649    buildsymboltable     ('LOOP', 'CMPA', 'X,3')
debug   2017-11-22 20:56:57.595927    buildsymboltable     ('', 'JGE', '*+3')
debug   2017-11-22 20:56:57.596211    buildsymboltable     ('CHANGEM', 'ENT2', '0,3')
debug   2017-11-22 20:56:57.596495    buildsymboltable     ('', 'LDA', 'X,3')
debug   2017-11-22 20:56:57.596763    buildsymboltable     ('', 'DEC3', '1')
debug   2017-11-22 20:56:57.597042    buildsymboltable     ('', 'J3P', 'LOOP')
debug   2017-11-22 20:56:57.597364    buildsymboltable     ('EXIT', 'JMP', '*')
debug   2017-11-22 20:56:57.597695    buildsymboltable     ('symbol table:', {'X': '1000', 'MAX': 3008, 'INIT': 3009, 'LOOP': 3011, 'CHANGEM': 3013, 'EXIT': 3017})
debug   2017-11-22 20:56:57.597974    buildsymboltable     ('processed code:', [])
debug   2017-11-22 20:56:57.598240    preprocessall       ('X', 'EQU', '1000')
debug   2017-11-22 20:56:57.598583    preprocessall       ('', 'ORIG', '3000')
debug   2017-11-22 20:56:57.598889    preprocessall       ('', 'ENTA', '100')
debug   2017-11-22 20:56:57.599178    transduce           ("Start state: start .. inputs: ['1', '0', '0']",)
debug   2017-11-22 20:56:57.612198    step                ('output of sm: ', '')
debug   2017-11-22 20:56:57.612744    step                ('output of sm: ', '')
debug   2017-11-22 20:56:57.613173    step                ('output of sm: ', '')
debug   2017-11-22 20:56:57.613546    preprocessall       ('', 'STA', '1000')
debug   2017-11-22 20:56:57.613804    transduce           ("Start state: start .. inputs: ['1', '0', '0', '0']",)
debug   2017-11-22 20:56:57.614121    step                ('output of sm: ', '')
debug   2017-11-22 20:56:57.614520    step                ('output of sm: ', '')
debug   2017-11-22 20:56:57.614978    step                ('output of sm: ', '')
debug   2017-11-22 20:56:57.615401    step                ('output of sm: ', '')
debug   2017-11-22 20:56:57.615756    preprocessall       ('', 'ENTA', '99')
debug   2017-11-22 20:56:57.616054    transduce           ("Start state: start .. inputs: ['9', '9']",)
debug   2017-11-22 20:56:57.616362    step                ('output of sm: ', '')
debug   2017-11-22 20:56:57.616791    step                ('output of sm: ', '')
debug   2017-11-22 20:56:57.617159    preprocessall       ('', 'STA', '1001')
debug   2017-11-22 20:56:57.617430    transduce           ("Start state: start .. inputs: ['1', '0', '0', '1']",)
debug   2017-11-22 20:56:57.617763    step                ('output of sm: ', '')
debug   2017-11-22 20:56:57.618108    step                ('output of sm: ', '')
debug   2017-11-22 20:56:57.618487    step                ('output of sm: ', '')
debug   2017-11-22 20:56:57.618958    step                ('output of sm: ', '')
debug   2017-11-22 20:56:57.619337    preprocessall       ('', 'ENT1', '2')
debug   2017-11-22 20:56:57.619635    transduce           ("Start state: start .. inputs: ['2']",)
debug   2017-11-22 20:56:57.620054    step                ('output of sm: ', '')
debug   2017-11-22 20:56:57.620479    preprocessall       ('', 'JMP', 'MAX')
debug   2017-11-22 20:56:57.620731    transduce           ("Start state: start .. inputs: ['M', 'A', 'X']",)
debug   2017-11-22 20:56:57.621061    step                ('output of sm: ', 'M')
debug   2017-11-22 20:56:57.621422    step                ('output of sm: ', 'MA')
debug   2017-11-22 20:56:57.621785    step                ('output of sm: ', 'MAX')
debug   2017-11-22 20:56:57.622153    preprocessall       ('', 'INCA', '1')
debug   2017-11-22 20:56:57.622586    transduce           ("Start state: start .. inputs: ['1']",)
debug   2017-11-22 20:56:57.622930    step                ('output of sm: ', '')
debug   2017-11-22 20:56:57.623260    preprocessall       ('', 'END', 'INIT')
debug   2017-11-22 20:56:57.623565    transduce           ("Start state: start .. inputs: ['I', 'N', 'I', 'T']",)
debug   2017-11-22 20:56:57.623970    step                ('output of sm: ', 'I')
debug   2017-11-22 20:56:57.624336    step                ('output of sm: ', 'IN')
debug   2017-11-22 20:56:57.624713    step                ('output of sm: ', 'INI')
debug   2017-11-22 20:56:57.625038    step                ('output of sm: ', 'INIT')
debug   2017-11-22 20:56:57.625367    preprocessall       ('MAX', 'STJ', 'EXIT')
debug   2017-11-22 20:56:57.625647    transduce           ("Start state: start .. inputs: ['E', 'X', 'I', 'T']",)
debug   2017-11-22 20:56:57.625996    step                ('output of sm: ', 'E')
debug   2017-11-22 20:56:57.626368    step                ('output of sm: ', 'EX')
debug   2017-11-22 20:56:57.626705    step                ('output of sm: ', 'EXI')
debug   2017-11-22 20:56:57.627097    step                ('output of sm: ', 'EXIT')
debug   2017-11-22 20:56:57.627460    preprocessall       ('INIT', 'ENT3', '0,1')
debug   2017-11-22 20:56:57.627722    transduce           ("Start state: start .. inputs: ['0', ',', '1']",)
debug   2017-11-22 20:56:57.628059    step                ('output of sm: ', '')
debug   2017-11-22 20:56:57.628558    step                ('output of sm: ', '')
debug   2017-11-22 20:56:57.628912    step                ('output of sm: ', '')
debug   2017-11-22 20:56:57.629308    preprocessall       ('', 'JMP', 'CHANGEM')
debug   2017-11-22 20:56:57.629570    transduce           ("Start state: start .. inputs: ['C', 'H', 'A', 'N', 'G', 'E', 'M']",)
debug   2017-11-22 20:56:57.629853    step                ('output of sm: ', 'C')
debug   2017-11-22 20:56:57.630228    step                ('output of sm: ', 'CH')
debug   2017-11-22 20:56:57.630577    step                ('output of sm: ', 'CHA')
debug   2017-11-22 20:56:57.630898    step                ('output of sm: ', 'CHAN')
debug   2017-11-22 20:56:57.631215    step                ('output of sm: ', 'CHANG')
debug   2017-11-22 20:56:57.631630    step                ('output of sm: ', 'CHANGE')
debug   2017-11-22 20:56:57.631977    step                ('output of sm: ', 'CHANGEM')
debug   2017-11-22 20:56:57.632299    preprocessall       ('LOOP', 'CMPA', 'X,3')
debug   2017-11-22 20:56:57.632692    transduce           ("Start state: start .. inputs: ['X', ',', '3']",)
debug   2017-11-22 20:56:57.633144    step                ('output of sm: ', 'X')
debug   2017-11-22 20:56:57.633512    step                ('output of sm: ', 'X')
debug   2017-11-22 20:56:57.633927    preprocessall       ('', 'JGE', '*+3')
debug   2017-11-22 20:56:57.634194    transduce           ("Start state: start .. inputs: ['*', '+', '3']",)
debug   2017-11-22 20:56:57.634442    step                ('output of sm: ', '*')
debug   2017-11-22 20:56:57.634862    preprocessall       ('CHANGEM', 'ENT2', '0,3')
debug   2017-11-22 20:56:57.635081    transduce           ("Start state: start .. inputs: ['0', ',', '3']",)
debug   2017-11-22 20:56:57.635325    step                ('output of sm: ', '')
debug   2017-11-22 20:56:57.635752    step                ('output of sm: ', '')
debug   2017-11-22 20:56:57.636142    step                ('output of sm: ', '')
debug   2017-11-22 20:56:57.636464    preprocessall       ('', 'LDA', 'X,3')
debug   2017-11-22 20:56:57.636782    transduce           ("Start state: start .. inputs: ['X', ',', '3']",)
debug   2017-11-22 20:56:57.637133    step                ('output of sm: ', 'X')
debug   2017-11-22 20:56:57.637503    step                ('output of sm: ', 'X')
debug   2017-11-22 20:56:57.637881    preprocessall       ('', 'DEC3', '1')
debug   2017-11-22 20:56:57.638145    transduce           ("Start state: start .. inputs: ['1']",)
debug   2017-11-22 20:56:57.638409    step                ('output of sm: ', '')
debug   2017-11-22 20:56:57.638791    preprocessall       ('', 'J3P', 'LOOP')
debug   2017-11-22 20:56:57.639126    transduce           ("Start state: start .. inputs: ['L', 'O', 'O', 'P']",)
debug   2017-11-22 20:56:57.639443    step                ('output of sm: ', 'L')
debug   2017-11-22 20:56:57.639791    step                ('output of sm: ', 'LO')
debug   2017-11-22 20:56:57.640131    step                ('output of sm: ', 'LOO')
debug   2017-11-22 20:56:57.640515    step                ('output of sm: ', 'LOOP')
debug   2017-11-22 20:56:57.640858    preprocessall       ('EXIT', 'JMP', '*')
debug   2017-11-22 20:56:57.641230    transduce           ("Start state: start .. inputs: ['*']",)
debug   2017-11-22 20:56:57.641521    step                ('output of sm: ', '*')
debug   2017-11-22 20:56:57.642034    preprocessall       ('symbol table:', {'X': '1000', 'MAX': 3008, 'INIT': 3009, 'LOOP': 3011, 'CHANGEM': 3013, 'EXIT': 3017})
debug   2017-11-22 20:56:57.642267    preprocessall       ('processed code:', ['ENTA 100', 'STA 1000', 'ENTA 99', 'STA 1001', 'ENT1 2', 'JMP 3008', 'INCA 1', 'END 3009', 'STJ 3017', 'ENT3 0,1', 'JMP 3013', 'CMPA 1000,3', 'JGE 3015', 'ENT2 0,3', 'LDA 1000,3', 'DEC3 1', 'J3P 3011', 'JMP 3017'])
debug   2017-11-22 20:56:57.642588    preprocessall       ('processed code dict:', {3000: 'ENTA 100', 3001: 'STA 1000', 3002: 'ENTA 99', 3003: 'STA 1001', 3004: 'ENT1 2', 3005: 'JMP 3008', 3006: 'INCA 1', 3007: 'END 3009', 3008: 'STJ 3017', 3009: 'ENT3 0,1', 3010: 'JMP 3013', 3011: 'CMPA 1000,3', 3012: 'JGE 3015', 3013: 'ENT2 0,3', 3014: 'LDA 1000,3', 3015: 'DEC3 1', 3016: 'J3P 3011', 3017: 'JMP 3017'})
debug   2017-11-22 20:56:57.642846    on_click_go         ('finished preprocessing',)
debug   2017-11-22 20:56:57.644066    getNextValues       ('before executing...ENTA 100', 'a=[+ , 0 , 0 , 0 , 0 , 0]\nx=[+ , 0 , 0 , 0 , 0 , 0]\ni1=[+ , 0 , 0]\ni2=[+ , 0 , 0]\ni3=[+ , 0 , 0]\ni4=[+ , 0 , 0]\ni5=[+ , 0 , 0]\ni6=[+ , 0 , 0]\nj=[+ , 0 , 0]\ncomp = \n')
debug   2017-11-22 20:56:57.644591    getNextValues       ('after executing...ENTA 100', 'a=[+ , 0 , 0 , 0 , 1 , 36]\nx=[+ , 0 , 0 , 0 , 0 , 0]\ni1=[+ , 0 , 0]\ni2=[+ , 0 , 0]\ni3=[+ , 0 , 0]\ni4=[+ , 0 , 0]\ni5=[+ , 0 , 0]\ni6=[+ , 0 , 0]\nj=[+ , 0 , 0]\ncomp = \n')
debug   2017-11-22 20:56:57.644921    step                ('output of sm: ', 3001)
debug   2017-11-22 20:56:57.645215    getNextValues       ('before executing...STA 1000', 'a=[+ , 0 , 0 , 0 , 1 , 36]\nx=[+ , 0 , 0 , 0 , 0 , 0]\ni1=[+ , 0 , 0]\ni2=[+ , 0 , 0]\ni3=[+ , 0 , 0]\ni4=[+ , 0 , 0]\ni5=[+ , 0 , 0]\ni6=[+ , 0 , 0]\nj=[+ , 0 , 0]\ncomp = \n')
debug   2017-11-22 20:56:57.645527    getNextValues       ('after executing...STA 1000', 'a=[+ , 0 , 0 , 0 , 1 , 36]\nx=[+ , 0 , 0 , 0 , 0 , 0]\ni1=[+ , 0 , 0]\ni2=[+ , 0 , 0]\ni3=[+ , 0 , 0]\ni4=[+ , 0 , 0]\ni5=[+ , 0 , 0]\ni6=[+ , 0 , 0]\nj=[+ , 0 , 0]\ncomp = \n')
debug   2017-11-22 20:56:57.645878    step                ('output of sm: ', 3002)
debug   2017-11-22 20:56:57.646135    getNextValues       ('before executing...ENTA 99', 'a=[+ , 0 , 0 , 0 , 1 , 36]\nx=[+ , 0 , 0 , 0 , 0 , 0]\ni1=[+ , 0 , 0]\ni2=[+ , 0 , 0]\ni3=[+ , 0 , 0]\ni4=[+ , 0 , 0]\ni5=[+ , 0 , 0]\ni6=[+ , 0 , 0]\nj=[+ , 0 , 0]\ncomp = \n')
debug   2017-11-22 20:56:57.646446    getNextValues       ('after executing...ENTA 99', 'a=[+ , 0 , 0 , 0 , 1 , 35]\nx=[+ , 0 , 0 , 0 , 0 , 0]\ni1=[+ , 0 , 0]\ni2=[+ , 0 , 0]\ni3=[+ , 0 , 0]\ni4=[+ , 0 , 0]\ni5=[+ , 0 , 0]\ni6=[+ , 0 , 0]\nj=[+ , 0 , 0]\ncomp = \n')
debug   2017-11-22 20:56:57.646727    step                ('output of sm: ', 3003)
debug   2017-11-22 20:56:57.646994    getNextValues       ('before executing...STA 1001', 'a=[+ , 0 , 0 , 0 , 1 , 35]\nx=[+ , 0 , 0 , 0 , 0 , 0]\ni1=[+ , 0 , 0]\ni2=[+ , 0 , 0]\ni3=[+ , 0 , 0]\ni4=[+ , 0 , 0]\ni5=[+ , 0 , 0]\ni6=[+ , 0 , 0]\nj=[+ , 0 , 0]\ncomp = \n')
debug   2017-11-22 20:56:57.647379    getNextValues       ('after executing...STA 1001', 'a=[+ , 0 , 0 , 0 , 1 , 35]\nx=[+ , 0 , 0 , 0 , 0 , 0]\ni1=[+ , 0 , 0]\ni2=[+ , 0 , 0]\ni3=[+ , 0 , 0]\ni4=[+ , 0 , 0]\ni5=[+ , 0 , 0]\ni6=[+ , 0 , 0]\nj=[+ , 0 , 0]\ncomp = \n')
debug   2017-11-22 20:56:57.647687    step                ('output of sm: ', 3004)
debug   2017-11-22 20:56:57.647943    getNextValues       ('before executing...ENT1 2', 'a=[+ , 0 , 0 , 0 , 1 , 35]\nx=[+ , 0 , 0 , 0 , 0 , 0]\ni1=[+ , 0 , 0]\ni2=[+ , 0 , 0]\ni3=[+ , 0 , 0]\ni4=[+ , 0 , 0]\ni5=[+ , 0 , 0]\ni6=[+ , 0 , 0]\nj=[+ , 0 , 0]\ncomp = \n')
debug   2017-11-22 20:56:57.648254    getNextValues       ('after executing...ENT1 2', 'a=[+ , 0 , 0 , 0 , 1 , 35]\nx=[+ , 0 , 0 , 0 , 0 , 0]\ni1=[+ , 0 , 2]\ni2=[+ , 0 , 0]\ni3=[+ , 0 , 0]\ni4=[+ , 0 , 0]\ni5=[+ , 0 , 0]\ni6=[+ , 0 , 0]\nj=[+ , 0 , 0]\ncomp = \n')
debug   2017-11-22 20:56:57.648668    step                ('output of sm: ', 3005)
debug   2017-11-22 20:56:57.648923    getNextValues       ('before executing...JMP 3008', 'a=[+ , 0 , 0 , 0 , 1 , 35]\nx=[+ , 0 , 0 , 0 , 0 , 0]\ni1=[+ , 0 , 2]\ni2=[+ , 0 , 0]\ni3=[+ , 0 , 0]\ni4=[+ , 0 , 0]\ni5=[+ , 0 , 0]\ni6=[+ , 0 , 0]\nj=[+ , 0 , 0]\ncomp = \n')
debug   2017-11-22 20:56:57.649302    getNextValues       ('after executing...JMP 3008', 'a=[+ , 0 , 0 , 0 , 1 , 35]\nx=[+ , 0 , 0 , 0 , 0 , 0]\ni1=[+ , 0 , 2]\ni2=[+ , 0 , 0]\ni3=[+ , 0 , 0]\ni4=[+ , 0 , 0]\ni5=[+ , 0 , 0]\ni6=[+ , 0 , 0]\nj=[+ , 46 , 62]\ncomp = \n')
debug   2017-11-22 20:56:57.649576    step                ('output of sm: ', 3008)
debug   2017-11-22 20:56:57.649829    getNextValues       ('before executing...STJ 3017', 'a=[+ , 0 , 0 , 0 , 1 , 35]\nx=[+ , 0 , 0 , 0 , 0 , 0]\ni1=[+ , 0 , 2]\ni2=[+ , 0 , 0]\ni3=[+ , 0 , 0]\ni4=[+ , 0 , 0]\ni5=[+ , 0 , 0]\ni6=[+ , 0 , 0]\nj=[+ , 46 , 62]\ncomp = \n')
debug   2017-11-22 20:56:57.650136    getNextValues       ('after executing...STJ 3017', 'a=[+ , 0 , 0 , 0 , 1 , 35]\nx=[+ , 0 , 0 , 0 , 0 , 0]\ni1=[+ , 0 , 2]\ni2=[+ , 0 , 0]\ni3=[+ , 0 , 0]\ni4=[+ , 0 , 0]\ni5=[+ , 0 , 0]\ni6=[+ , 0 , 0]\nj=[+ , 46 , 62]\ncomp = \n')
debug   2017-11-22 20:56:57.650454    step                ('output of sm: ', 3009)
debug   2017-11-22 20:56:57.650707    getNextValues       ('before executing...ENT3 0,1', 'a=[+ , 0 , 0 , 0 , 1 , 35]\nx=[+ , 0 , 0 , 0 , 0 , 0]\ni1=[+ , 0 , 2]\ni2=[+ , 0 , 0]\ni3=[+ , 0 , 0]\ni4=[+ , 0 , 0]\ni5=[+ , 0 , 0]\ni6=[+ , 0 , 0]\nj=[+ , 46 , 62]\ncomp = \n')
debug   2017-11-22 20:56:57.651238    getNextValues       ('after executing...ENT3 0,1', 'a=[+ , 0 , 0 , 0 , 1 , 35]\nx=[+ , 0 , 0 , 0 , 0 , 0]\ni1=[+ , 0 , 2]\ni2=[+ , 0 , 0]\ni3=[+ , 0 , 2]\ni4=[+ , 0 , 0]\ni5=[+ , 0 , 0]\ni6=[+ , 0 , 0]\nj=[+ , 46 , 62]\ncomp = \n')
debug   2017-11-22 20:56:57.651617    step                ('output of sm: ', 3010)
debug   2017-11-22 20:56:57.651949    getNextValues       ('before executing...JMP 3013', 'a=[+ , 0 , 0 , 0 , 1 , 35]\nx=[+ , 0 , 0 , 0 , 0 , 0]\ni1=[+ , 0 , 2]\ni2=[+ , 0 , 0]\ni3=[+ , 0 , 2]\ni4=[+ , 0 , 0]\ni5=[+ , 0 , 0]\ni6=[+ , 0 , 0]\nj=[+ , 46 , 62]\ncomp = \n')
debug   2017-11-22 20:56:57.652329    getNextValues       ('after executing...JMP 3013', 'a=[+ , 0 , 0 , 0 , 1 , 35]\nx=[+ , 0 , 0 , 0 , 0 , 0]\ni1=[+ , 0 , 2]\ni2=[+ , 0 , 0]\ni3=[+ , 0 , 2]\ni4=[+ , 0 , 0]\ni5=[+ , 0 , 0]\ni6=[+ , 0 , 0]\nj=[+ , 47 , 3]\ncomp = \n')
debug   2017-11-22 20:56:57.652697    step                ('output of sm: ', 3013)
debug   2017-11-22 20:56:57.652990    getNextValues       ('before executing...ENT2 0,3', 'a=[+ , 0 , 0 , 0 , 1 , 35]\nx=[+ , 0 , 0 , 0 , 0 , 0]\ni1=[+ , 0 , 2]\ni2=[+ , 0 , 0]\ni3=[+ , 0 , 2]\ni4=[+ , 0 , 0]\ni5=[+ , 0 , 0]\ni6=[+ , 0 , 0]\nj=[+ , 47 , 3]\ncomp = \n')
debug   2017-11-22 20:56:57.653369    getNextValues       ('after executing...ENT2 0,3', 'a=[+ , 0 , 0 , 0 , 1 , 35]\nx=[+ , 0 , 0 , 0 , 0 , 0]\ni1=[+ , 0 , 2]\ni2=[+ , 0 , 2]\ni3=[+ , 0 , 2]\ni4=[+ , 0 , 0]\ni5=[+ , 0 , 0]\ni6=[+ , 0 , 0]\nj=[+ , 47 , 3]\ncomp = \n')
debug   2017-11-22 20:56:57.653739    step                ('output of sm: ', 3014)
debug   2017-11-22 20:56:57.654109    getNextValues       ('before executing...LDA 1000,3', 'a=[+ , 0 , 0 , 0 , 1 , 35]\nx=[+ , 0 , 0 , 0 , 0 , 0]\ni1=[+ , 0 , 2]\ni2=[+ , 0 , 2]\ni3=[+ , 0 , 2]\ni4=[+ , 0 , 0]\ni5=[+ , 0 , 0]\ni6=[+ , 0 , 0]\nj=[+ , 47 , 3]\ncomp = \n')
debug   2017-11-22 20:56:57.654458    getNextValues       ('after executing...LDA 1000,3', 'a=[+ , 0 , 0 , 0 , 0 , 0]\nx=[+ , 0 , 0 , 0 , 0 , 0]\ni1=[+ , 0 , 2]\ni2=[+ , 0 , 2]\ni3=[+ , 0 , 2]\ni4=[+ , 0 , 0]\ni5=[+ , 0 , 0]\ni6=[+ , 0 , 0]\nj=[+ , 47 , 3]\ncomp = \n')
debug   2017-11-22 20:56:57.654953    step                ('output of sm: ', 3015)
debug   2017-11-22 20:56:57.655232    getNextValues       ('before executing...DEC3 1', 'a=[+ , 0 , 0 , 0 , 0 , 0]\nx=[+ , 0 , 0 , 0 , 0 , 0]\ni1=[+ , 0 , 2]\ni2=[+ , 0 , 2]\ni3=[+ , 0 , 2]\ni4=[+ , 0 , 0]\ni5=[+ , 0 , 0]\ni6=[+ , 0 , 0]\nj=[+ , 47 , 3]\ncomp = \n')
debug   2017-11-22 20:56:57.655560    getNextValues       ('after executing...DEC3 1', 'a=[+ , 0 , 0 , 0 , 0 , 0]\nx=[+ , 0 , 0 , 0 , 0 , 0]\ni1=[+ , 0 , 2]\ni2=[+ , 0 , 2]\ni3=[+ , 0 , 1]\ni4=[+ , 0 , 0]\ni5=[+ , 0 , 0]\ni6=[+ , 0 , 0]\nj=[+ , 47 , 3]\ncomp = \n')
debug   2017-11-22 20:56:57.655842    step                ('output of sm: ', 3016)
debug   2017-11-22 20:56:57.656162    getNextValues       ('before executing...J3P 3011', 'a=[+ , 0 , 0 , 0 , 0 , 0]\nx=[+ , 0 , 0 , 0 , 0 , 0]\ni1=[+ , 0 , 2]\ni2=[+ , 0 , 2]\ni3=[+ , 0 , 1]\ni4=[+ , 0 , 0]\ni5=[+ , 0 , 0]\ni6=[+ , 0 , 0]\nj=[+ , 47 , 3]\ncomp = \n')
debug   2017-11-22 20:56:57.656474    getNextValues       ('after executing...J3P 3011', 'a=[+ , 0 , 0 , 0 , 0 , 0]\nx=[+ , 0 , 0 , 0 , 0 , 0]\ni1=[+ , 0 , 2]\ni2=[+ , 0 , 2]\ni3=[+ , 0 , 1]\ni4=[+ , 0 , 0]\ni5=[+ , 0 , 0]\ni6=[+ , 0 , 0]\nj=[+ , 47 , 3]\ncomp = \n')
debug   2017-11-22 20:56:57.656880    step                ('output of sm: ', 3011)
debug   2017-11-22 20:56:57.657141    getNextValues       ('before executing...CMPA 1000,3', 'a=[+ , 0 , 0 , 0 , 0 , 0]\nx=[+ , 0 , 0 , 0 , 0 , 0]\ni1=[+ , 0 , 2]\ni2=[+ , 0 , 2]\ni3=[+ , 0 , 1]\ni4=[+ , 0 , 0]\ni5=[+ , 0 , 0]\ni6=[+ , 0 , 0]\nj=[+ , 47 , 3]\ncomp = \n')
debug   2017-11-22 20:56:57.657511    getNextValues       ('after executing...CMPA 1000,3', 'a=[+ , 0 , 0 , 0 , 0 , 0]\nx=[+ , 0 , 0 , 0 , 0 , 0]\ni1=[+ , 0 , 2]\ni2=[+ , 0 , 2]\ni3=[+ , 0 , 1]\ni4=[+ , 0 , 0]\ni5=[+ , 0 , 0]\ni6=[+ , 0 , 0]\nj=[+ , 47 , 3]\ncomp = L\n')
debug   2017-11-22 20:56:57.657793    step                ('output of sm: ', 3012)
debug   2017-11-22 20:56:57.658052    getNextValues       ('before executing...JGE 3015', 'a=[+ , 0 , 0 , 0 , 0 , 0]\nx=[+ , 0 , 0 , 0 , 0 , 0]\ni1=[+ , 0 , 2]\ni2=[+ , 0 , 2]\ni3=[+ , 0 , 1]\ni4=[+ , 0 , 0]\ni5=[+ , 0 , 0]\ni6=[+ , 0 , 0]\nj=[+ , 47 , 3]\ncomp = L\n')
debug   2017-11-22 20:56:57.658387    getNextValues       ('after executing...JGE 3015', 'a=[+ , 0 , 0 , 0 , 0 , 0]\nx=[+ , 0 , 0 , 0 , 0 , 0]\ni1=[+ , 0 , 2]\ni2=[+ , 0 , 2]\ni3=[+ , 0 , 1]\ni4=[+ , 0 , 0]\ni5=[+ , 0 , 0]\ni6=[+ , 0 , 0]\nj=[+ , 47 , 3]\ncomp = L\n')
debug   2017-11-22 20:56:57.658708    step                ('output of sm: ', 3013)
debug   2017-11-22 20:56:57.659074    getNextValues       ('before executing...ENT2 0,3', 'a=[+ , 0 , 0 , 0 , 0 , 0]\nx=[+ , 0 , 0 , 0 , 0 , 0]\ni1=[+ , 0 , 2]\ni2=[+ , 0 , 2]\ni3=[+ , 0 , 1]\ni4=[+ , 0 , 0]\ni5=[+ , 0 , 0]\ni6=[+ , 0 , 0]\nj=[+ , 47 , 3]\ncomp = L\n')
debug   2017-11-22 20:56:57.659470    getNextValues       ('after executing...ENT2 0,3', 'a=[+ , 0 , 0 , 0 , 0 , 0]\nx=[+ , 0 , 0 , 0 , 0 , 0]\ni1=[+ , 0 , 2]\ni2=[+ , 0 , 1]\ni3=[+ , 0 , 1]\ni4=[+ , 0 , 0]\ni5=[+ , 0 , 0]\ni6=[+ , 0 , 0]\nj=[+ , 47 , 3]\ncomp = L\n')
debug   2017-11-22 20:56:57.659746    step                ('output of sm: ', 3014)
debug   2017-11-22 20:56:57.660036    getNextValues       ('before executing...LDA 1000,3', 'a=[+ , 0 , 0 , 0 , 0 , 0]\nx=[+ , 0 , 0 , 0 , 0 , 0]\ni1=[+ , 0 , 2]\ni2=[+ , 0 , 1]\ni3=[+ , 0 , 1]\ni4=[+ , 0 , 0]\ni5=[+ , 0 , 0]\ni6=[+ , 0 , 0]\nj=[+ , 47 , 3]\ncomp = L\n')
debug   2017-11-22 20:56:57.660369    getNextValues       ('after executing...LDA 1000,3', 'a=[+ , 0 , 0 , 0 , 1 , 35]\nx=[+ , 0 , 0 , 0 , 0 , 0]\ni1=[+ , 0 , 2]\ni2=[+ , 0 , 1]\ni3=[+ , 0 , 1]\ni4=[+ , 0 , 0]\ni5=[+ , 0 , 0]\ni6=[+ , 0 , 0]\nj=[+ , 47 , 3]\ncomp = L\n')
debug   2017-11-22 20:56:57.660676    step                ('output of sm: ', 3015)
debug   2017-11-22 20:56:57.661014    getNextValues       ('before executing...DEC3 1', 'a=[+ , 0 , 0 , 0 , 1 , 35]\nx=[+ , 0 , 0 , 0 , 0 , 0]\ni1=[+ , 0 , 2]\ni2=[+ , 0 , 1]\ni3=[+ , 0 , 1]\ni4=[+ , 0 , 0]\ni5=[+ , 0 , 0]\ni6=[+ , 0 , 0]\nj=[+ , 47 , 3]\ncomp = L\n')
debug   2017-11-22 20:56:57.661334    getNextValues       ('after executing...DEC3 1', 'a=[+ , 0 , 0 , 0 , 1 , 35]\nx=[+ , 0 , 0 , 0 , 0 , 0]\ni1=[+ , 0 , 2]\ni2=[+ , 0 , 1]\ni3=[+ , 0 , 0]\ni4=[+ , 0 , 0]\ni5=[+ , 0 , 0]\ni6=[+ , 0 , 0]\nj=[+ , 47 , 3]\ncomp = L\n')
debug   2017-11-22 20:56:57.661671    step                ('output of sm: ', 3016)
debug   2017-11-22 20:56:57.661927    getNextValues       ('before executing...J3P 3011', 'a=[+ , 0 , 0 , 0 , 1 , 35]\nx=[+ , 0 , 0 , 0 , 0 , 0]\ni1=[+ , 0 , 2]\ni2=[+ , 0 , 1]\ni3=[+ , 0 , 0]\ni4=[+ , 0 , 0]\ni5=[+ , 0 , 0]\ni6=[+ , 0 , 0]\nj=[+ , 47 , 3]\ncomp = L\n')
debug   2017-11-22 20:56:57.662239    getNextValues       ('after executing...J3P 3011', 'a=[+ , 0 , 0 , 0 , 1 , 35]\nx=[+ , 0 , 0 , 0 , 0 , 0]\ni1=[+ , 0 , 2]\ni2=[+ , 0 , 1]\ni3=[+ , 0 , 0]\ni4=[+ , 0 , 0]\ni5=[+ , 0 , 0]\ni6=[+ , 0 , 0]\nj=[+ , 47 , 3]\ncomp = L\n')
debug   2017-11-22 20:56:57.662516    step                ('output of sm: ', 3017)
debug   2017-11-22 20:56:57.662772    getNextValues       ('before executing...JMP 3017', 'a=[+ , 0 , 0 , 0 , 1 , 35]\nx=[+ , 0 , 0 , 0 , 0 , 0]\ni1=[+ , 0 , 2]\ni2=[+ , 0 , 1]\ni3=[+ , 0 , 0]\ni4=[+ , 0 , 0]\ni5=[+ , 0 , 0]\ni6=[+ , 0 , 0]\nj=[+ , 47 , 3]\ncomp = L\n')
debug   2017-11-22 20:56:57.663112    getNextValues       ('after executing...JMP 3017', 'a=[+ , 0 , 0 , 0 , 1 , 35]\nx=[+ , 0 , 0 , 0 , 0 , 0]\ni1=[+ , 0 , 2]\ni2=[+ , 0 , 1]\ni3=[+ , 0 , 0]\ni4=[+ , 0 , 0]\ni5=[+ , 0 , 0]\ni6=[+ , 0 , 0]\nj=[+ , 47 , 10]\ncomp = L\n')
debug   2017-11-22 20:56:57.663389    step                ('output of sm: ', 3006)
debug   2017-11-22 20:56:57.663671    getNextValues       ('before executing...INCA 1', 'a=[+ , 0 , 0 , 0 , 1 , 35]\nx=[+ , 0 , 0 , 0 , 0 , 0]\ni1=[+ , 0 , 2]\ni2=[+ , 0 , 1]\ni3=[+ , 0 , 0]\ni4=[+ , 0 , 0]\ni5=[+ , 0 , 0]\ni6=[+ , 0 , 0]\nj=[+ , 47 , 10]\ncomp = L\n')
debug   2017-11-22 20:56:57.664021    getNextValues       ('after executing...INCA 1', 'a=[+ , 0 , 0 , 0 , 1 , 36]\nx=[+ , 0 , 0 , 0 , 0 , 0]\ni1=[+ , 0 , 2]\ni2=[+ , 0 , 1]\ni3=[+ , 0 , 0]\ni4=[+ , 0 , 0]\ni5=[+ , 0 , 0]\ni6=[+ , 0 , 0]\nj=[+ , 47 , 10]\ncomp = L\n')
debug   2017-11-22 20:56:57.664299    step                ('output of sm: ', 3007)
debug   2017-11-22 20:56:57.664562    done                ("profiling result...{3000: ('ENTA 100', 1, 1, 1), 3001: ('STA 1000', 1, 2, 2), 3002: ('ENTA 99', 1, 1, 1), 3003: ('STA 1001', 1, 2, 2), 3004: ('ENT1 2', 1, 1, 1), 3005: ('JMP 3008', 1, 1, 1), 3008: ('STJ 3017', 1, 2, 2), 3009: ('ENT3 0,1', 1, 1, 1), 3010: ('JMP 3013', 1, 1, 1), 3013: ('ENT2 0,3', 2, 1, 2), 3014: ('LDA 1000,3', 2, 2, 4), 3015: ('DEC3 1', 2, 1, 2), 3016: ('J3P 3011', 2, 1, 2), 3011: ('CMPA 1000,3', 1, 1, 1), 3012: ('JGE 3015', 1, 1, 1), 3017: ('JMP 3017', 1, 1, 1), 3006: ('INCA 1', 1, 1, 1)}",)
debug   2017-11-22 20:56:57.664813    on_click_go         ('finished executing',)
